This is pdfTeX, Version 3.1415926-2.4-1.40.13 (MiKTeX 2.9) (preloaded format=pdflatex 2013.5.26)  6 JUN 2013 22:28
entering extended mode
**main.tex

("C:\Users\MihaiB\Documents\Visual Studio 2012\Projects\DepthCameraAutomaticCal
ibration\Report\main.tex"
LaTeX2e <2011/06/27>
Babel <v3.8m> and hyphenation patterns for english, afrikaans, ancientgreek, ar
abic, armenian, assamese, basque, bengali, bokmal, bulgarian, catalan, coptic, 
croatian, czech, danish, dutch, esperanto, estonian, farsi, finnish, french, ga
lician, german, german-x-2012-05-30, greek, gujarati, hindi, hungarian, iceland
ic, indonesian, interlingua, irish, italian, kannada, kurmanji, latin, latvian,
 lithuanian, malayalam, marathi, mongolian, mongolianlmc, monogreek, ngerman, n
german-x-2012-05-30, nynorsk, oriya, panjabi, pinyin, polish, portuguese, roman
ian, russian, sanskrit, serbian, slovak, slovenian, spanish, swedish, swissgerm
an, tamil, telugu, turkish, turkmen, ukenglish, ukrainian, uppersorbian, usengl
ishmax, welsh, loaded.
(C:\miktex\tex\latex\base\report.cls
Document Class: report 2007/10/19 v1.4h Standard LaTeX document class
(C:\miktex\tex\latex\base\size11.clo
File: size11.clo 2007/10/19 v1.4h Standard LaTeX file (size option)
)
\c@part=\count79
\c@chapter=\count80
\c@section=\count81
\c@subsection=\count82
\c@subsubsection=\count83
\c@paragraph=\count84
\c@subparagraph=\count85
\c@figure=\count86
\c@table=\count87
\abovecaptionskip=\skip41
\belowcaptionskip=\skip42
\bibindent=\dimen102
) (C:\miktex\tex\latex\base\inputenc.sty
Package: inputenc 2008/03/30 v1.1d Input encoding file
\inpenc@prehook=\toks14
\inpenc@posthook=\toks15

(C:\miktex\tex\latex\base\utf8.def
File: utf8.def 2008/04/05 v1.1m UTF-8 support for inputenc
Now handling font encoding OML ...
... no UTF-8 mapping file for font encoding OML
Now handling font encoding T1 ...
... processing UTF-8 mapping file for font encoding T1
 (C:\miktex\tex\latex\base\t1enc.dfu
File: t1enc.dfu 2008/04/05 v1.1m UTF-8 support for inputenc
   defining Unicode char U+00A1 (decimal 161)
   defining Unicode char U+00A3 (decimal 163)
   defining Unicode char U+00AB (decimal 171)
   defining Unicode char U+00BB (decimal 187)
   defining Unicode char U+00BF (decimal 191)
   defining Unicode char U+00C0 (decimal 192)
   defining Unicode char U+00C1 (decimal 193)
   defining Unicode char U+00C2 (decimal 194)
   defining Unicode char U+00C3 (decimal 195)
   defining Unicode char U+00C4 (decimal 196)
   defining Unicode char U+00C5 (decimal 197)
   defining Unicode char U+00C6 (decimal 198)
   defining Unicode char U+00C7 (decimal 199)
   defining Unicode char U+00C8 (decimal 200)
   defining Unicode char U+00C9 (decimal 201)
   defining Unicode char U+00CA (decimal 202)
   defining Unicode char U+00CB (decimal 203)
   defining Unicode char U+00CC (decimal 204)
   defining Unicode char U+00CD (decimal 205)
   defining Unicode char U+00CE (decimal 206)
   defining Unicode char U+00CF (decimal 207)
   defining Unicode char U+00D0 (decimal 208)
   defining Unicode char U+00D1 (decimal 209)
   defining Unicode char U+00D2 (decimal 210)
   defining Unicode char U+00D3 (decimal 211)
   defining Unicode char U+00D4 (decimal 212)
   defining Unicode char U+00D5 (decimal 213)
   defining Unicode char U+00D6 (decimal 214)
   defining Unicode char U+00D8 (decimal 216)
   defining Unicode char U+00D9 (decimal 217)
   defining Unicode char U+00DA (decimal 218)
   defining Unicode char U+00DB (decimal 219)
   defining Unicode char U+00DC (decimal 220)
   defining Unicode char U+00DD (decimal 221)
   defining Unicode char U+00DE (decimal 222)
   defining Unicode char U+00DF (decimal 223)
   defining Unicode char U+00E0 (decimal 224)
   defining Unicode char U+00E1 (decimal 225)
   defining Unicode char U+00E2 (decimal 226)
   defining Unicode char U+00E3 (decimal 227)
   defining Unicode char U+00E4 (decimal 228)
   defining Unicode char U+00E5 (decimal 229)
   defining Unicode char U+00E6 (decimal 230)
   defining Unicode char U+00E7 (decimal 231)
   defining Unicode char U+00E8 (decimal 232)
   defining Unicode char U+00E9 (decimal 233)
   defining Unicode char U+00EA (decimal 234)
   defining Unicode char U+00EB (decimal 235)
   defining Unicode char U+00EC (decimal 236)
   defining Unicode char U+00ED (decimal 237)
   defining Unicode char U+00EE (decimal 238)
   defining Unicode char U+00EF (decimal 239)
   defining Unicode char U+00F0 (decimal 240)
   defining Unicode char U+00F1 (decimal 241)
   defining Unicode char U+00F2 (decimal 242)
   defining Unicode char U+00F3 (decimal 243)
   defining Unicode char U+00F4 (decimal 244)
   defining Unicode char U+00F5 (decimal 245)
   defining Unicode char U+00F6 (decimal 246)
   defining Unicode char U+00F8 (decimal 248)
   defining Unicode char U+00F9 (decimal 249)
   defining Unicode char U+00FA (decimal 250)
   defining Unicode char U+00FB (decimal 251)
   defining Unicode char U+00FC (decimal 252)
   defining Unicode char U+00FD (decimal 253)
   defining Unicode char U+00FE (decimal 254)
   defining Unicode char U+00FF (decimal 255)
   defining Unicode char U+0102 (decimal 258)
   defining Unicode char U+0103 (decimal 259)
   defining Unicode char U+0104 (decimal 260)
   defining Unicode char U+0105 (decimal 261)
   defining Unicode char U+0106 (decimal 262)
   defining Unicode char U+0107 (decimal 263)
   defining Unicode char U+010C (decimal 268)
   defining Unicode char U+010D (decimal 269)
   defining Unicode char U+010E (decimal 270)
   defining Unicode char U+010F (decimal 271)
   defining Unicode char U+0110 (decimal 272)
   defining Unicode char U+0111 (decimal 273)
   defining Unicode char U+0118 (decimal 280)
   defining Unicode char U+0119 (decimal 281)
   defining Unicode char U+011A (decimal 282)
   defining Unicode char U+011B (decimal 283)
   defining Unicode char U+011E (decimal 286)
   defining Unicode char U+011F (decimal 287)
   defining Unicode char U+0130 (decimal 304)
   defining Unicode char U+0131 (decimal 305)
   defining Unicode char U+0132 (decimal 306)
   defining Unicode char U+0133 (decimal 307)
   defining Unicode char U+0139 (decimal 313)
   defining Unicode char U+013A (decimal 314)
   defining Unicode char U+013D (decimal 317)
   defining Unicode char U+013E (decimal 318)
   defining Unicode char U+0141 (decimal 321)
   defining Unicode char U+0142 (decimal 322)
   defining Unicode char U+0143 (decimal 323)
   defining Unicode char U+0144 (decimal 324)
   defining Unicode char U+0147 (decimal 327)
   defining Unicode char U+0148 (decimal 328)
   defining Unicode char U+014A (decimal 330)
   defining Unicode char U+014B (decimal 331)
   defining Unicode char U+0150 (decimal 336)
   defining Unicode char U+0151 (decimal 337)
   defining Unicode char U+0152 (decimal 338)
   defining Unicode char U+0153 (decimal 339)
   defining Unicode char U+0154 (decimal 340)
   defining Unicode char U+0155 (decimal 341)
   defining Unicode char U+0158 (decimal 344)
   defining Unicode char U+0159 (decimal 345)
   defining Unicode char U+015A (decimal 346)
   defining Unicode char U+015B (decimal 347)
   defining Unicode char U+015E (decimal 350)
   defining Unicode char U+015F (decimal 351)
   defining Unicode char U+0160 (decimal 352)
   defining Unicode char U+0161 (decimal 353)
   defining Unicode char U+0162 (decimal 354)
   defining Unicode char U+0163 (decimal 355)
   defining Unicode char U+0164 (decimal 356)
   defining Unicode char U+0165 (decimal 357)
   defining Unicode char U+016E (decimal 366)
   defining Unicode char U+016F (decimal 367)
   defining Unicode char U+0170 (decimal 368)
   defining Unicode char U+0171 (decimal 369)
   defining Unicode char U+0178 (decimal 376)
   defining Unicode char U+0179 (decimal 377)
   defining Unicode char U+017A (decimal 378)
   defining Unicode char U+017B (decimal 379)
   defining Unicode char U+017C (decimal 380)
   defining Unicode char U+017D (decimal 381)
   defining Unicode char U+017E (decimal 382)
   defining Unicode char U+200C (decimal 8204)
   defining Unicode char U+2013 (decimal 8211)
   defining Unicode char U+2014 (decimal 8212)
   defining Unicode char U+2018 (decimal 8216)
   defining Unicode char U+2019 (decimal 8217)
   defining Unicode char U+201A (decimal 8218)
   defining Unicode char U+201C (decimal 8220)
   defining Unicode char U+201D (decimal 8221)
   defining Unicode char U+201E (decimal 8222)
   defining Unicode char U+2030 (decimal 8240)
   defining Unicode char U+2031 (decimal 8241)
   defining Unicode char U+2039 (decimal 8249)
   defining Unicode char U+203A (decimal 8250)
   defining Unicode char U+2423 (decimal 9251)
)
Now handling font encoding OT1 ...
... processing UTF-8 mapping file for font encoding OT1

(C:\miktex\tex\latex\base\ot1enc.dfu
File: ot1enc.dfu 2008/04/05 v1.1m UTF-8 support for inputenc
   defining Unicode char U+00A1 (decimal 161)
   defining Unicode char U+00A3 (decimal 163)
   defining Unicode char U+00B8 (decimal 184)
   defining Unicode char U+00BF (decimal 191)
   defining Unicode char U+00C5 (decimal 197)
   defining Unicode char U+00C6 (decimal 198)
   defining Unicode char U+00D8 (decimal 216)
   defining Unicode char U+00DF (decimal 223)
   defining Unicode char U+00E6 (decimal 230)
   defining Unicode char U+00EC (decimal 236)
   defining Unicode char U+00ED (decimal 237)
   defining Unicode char U+00EE (decimal 238)
   defining Unicode char U+00EF (decimal 239)
   defining Unicode char U+00F8 (decimal 248)
   defining Unicode char U+0131 (decimal 305)
   defining Unicode char U+0141 (decimal 321)
   defining Unicode char U+0142 (decimal 322)
   defining Unicode char U+0152 (decimal 338)
   defining Unicode char U+0153 (decimal 339)
   defining Unicode char U+2013 (decimal 8211)
   defining Unicode char U+2014 (decimal 8212)
   defining Unicode char U+2018 (decimal 8216)
   defining Unicode char U+2019 (decimal 8217)
   defining Unicode char U+201C (decimal 8220)
   defining Unicode char U+201D (decimal 8221)
)
Now handling font encoding OMS ...
... processing UTF-8 mapping file for font encoding OMS
 (C:\miktex\tex\latex\base\omsenc.dfu
File: omsenc.dfu 2008/04/05 v1.1m UTF-8 support for inputenc
   defining Unicode char U+00A7 (decimal 167)
   defining Unicode char U+00B6 (decimal 182)
   defining Unicode char U+00B7 (decimal 183)
   defining Unicode char U+2020 (decimal 8224)
   defining Unicode char U+2021 (decimal 8225)
   defining Unicode char U+2022 (decimal 8226)
)
Now handling font encoding OMX ...
... no UTF-8 mapping file for font encoding OMX
Now handling font encoding U ...
... no UTF-8 mapping file for font encoding U
   defining Unicode char U+00A9 (decimal 169)
   defining Unicode char U+00AA (decimal 170)
   defining Unicode char U+00AE (decimal 174)
   defining Unicode char U+00BA (decimal 186)
   defining Unicode char U+02C6 (decimal 710)
   defining Unicode char U+02DC (decimal 732)
   defining Unicode char U+200C (decimal 8204)
   defining Unicode char U+2026 (decimal 8230)
   defining Unicode char U+2122 (decimal 8482)
   defining Unicode char U+2423 (decimal 9251)
))
(C:\miktex\tex\latex\graphics\graphicx.sty
Package: graphicx 1999/02/16 v1.0f Enhanced LaTeX Graphics (DPC,SPQR)

(C:\miktex\tex\latex\graphics\keyval.sty
Package: keyval 1999/03/16 v1.13 key=value parser (DPC)
\KV@toks@=\toks16
)
(C:\miktex\tex\latex\graphics\graphics.sty
Package: graphics 2009/02/05 v1.0o Standard LaTeX Graphics (DPC,SPQR)

(C:\miktex\tex\latex\graphics\trig.sty
Package: trig 1999/03/16 v1.09 sin cos tan (DPC)
)
(C:\miktex\tex\latex\00miktex\graphics.cfg
File: graphics.cfg 2007/01/18 v1.5 graphics configuration of teTeX/TeXLive
)
Package graphics Info: Driver file: pdftex.def on input line 91.

(C:\miktex\tex\latex\pdftex-def\pdftex.def
File: pdftex.def 2011/05/27 v0.06d Graphics/color for pdfTeX

(C:\miktex\tex\generic\oberdiek\infwarerr.sty
Package: infwarerr 2010/04/08 v1.3 Providing info/warning/error messages (HO)
)
(C:\miktex\tex\generic\oberdiek\ltxcmds.sty
Package: ltxcmds 2011/11/09 v1.22 LaTeX kernel commands for general use (HO)
)
\Gread@gobject=\count88
))
\Gin@req@height=\dimen103
\Gin@req@width=\dimen104
)
(C:\miktex\tex\latex\ltxmisc\url.sty
\Urlmuskip=\muskip10
Package: url 2006/04/12  ver 3.3  Verb mode for urls, etc.
)
(C:\miktex\tex\latex\hyperref\hyperref.sty
Package: hyperref 2012/11/06 v6.83m Hypertext links for LaTeX

(C:\miktex\tex\generic\oberdiek\hobsub-hyperref.sty
Package: hobsub-hyperref 2012/04/25 v1.12 Bundle oberdiek, subset hyperref (HO)


(C:\miktex\tex\generic\oberdiek\hobsub-generic.sty
Package: hobsub-generic 2012/04/25 v1.12 Bundle oberdiek, subset generic (HO)
Package: hobsub 2012/04/25 v1.12 Construct package bundles (HO)
Package hobsub Info: Skipping package `infwarerr' (already loaded).
Package hobsub Info: Skipping package `ltxcmds' (already loaded).
Package: ifluatex 2010/03/01 v1.3 Provides the ifluatex switch (HO)
Package ifluatex Info: LuaTeX not detected.
Package: ifvtex 2010/03/01 v1.5 Detect VTeX and its facilities (HO)
Package ifvtex Info: VTeX not detected.
Package: intcalc 2007/09/27 v1.1 Expandable calculations with integers (HO)
Package: ifpdf 2011/01/30 v2.3 Provides the ifpdf switch (HO)
Package ifpdf Info: pdfTeX in PDF mode is detected.
Package: etexcmds 2011/02/16 v1.5 Avoid name clashes with e-TeX commands (HO)
Package etexcmds Info: Could not find \expanded.
(etexcmds)             That can mean that you are not using pdfTeX 1.50 or
(etexcmds)             that some package has redefined \expanded.
(etexcmds)             In the latter case, load this package earlier.
Package: kvsetkeys 2012/04/25 v1.16 Key value parser (HO)
Package: kvdefinekeys 2011/04/07 v1.3 Define keys (HO)
Package: pdftexcmds 2011/11/29 v0.20 Utility functions of pdfTeX for LuaTeX (HO
)
Package pdftexcmds Info: LuaTeX not detected.
Package pdftexcmds Info: \pdf@primitive is available.
Package pdftexcmds Info: \pdf@ifprimitive is available.
Package pdftexcmds Info: \pdfdraftmode found.
Package: pdfescape 2011/11/25 v1.13 Implements pdfTeX's escape features (HO)
Package: bigintcalc 2012/04/08 v1.3 Expandable calculations on big integers (HO
)
Package: bitset 2011/01/30 v1.1 Handle bit-vector datatype (HO)
Package: uniquecounter 2011/01/30 v1.2 Provide unlimited unique counter (HO)
)
Package hobsub Info: Skipping package `hobsub' (already loaded).
Package: letltxmacro 2010/09/02 v1.4 Let assignment for LaTeX macros (HO)
Package: hopatch 2011/06/24 v1.1 Wrapper for package hooks (HO)
Package: xcolor-patch 2011/01/30 xcolor patch
Package: atveryend 2011/06/30 v1.8 Hooks at the very end of document (HO)
Package atveryend Info: \enddocument detected (standard20110627).
Package: atbegshi 2011/10/05 v1.16 At begin shipout hook (HO)
Package: refcount 2011/10/16 v3.4 Data extraction from label references (HO)
Package: hycolor 2011/01/30 v1.7 Color options for hyperref/bookmark (HO)
)
(C:\miktex\tex\generic\ifxetex\ifxetex.sty
Package: ifxetex 2010/09/12 v0.6 Provides ifxetex conditional
)
(C:\miktex\tex\latex\oberdiek\auxhook.sty
Package: auxhook 2011/03/04 v1.3 Hooks for auxiliary files (HO)
)
(C:\miktex\tex\latex\oberdiek\kvoptions.sty
Package: kvoptions 2011/06/30 v3.11 Key value format for package options (HO)
)
\@linkdim=\dimen105
\Hy@linkcounter=\count89
\Hy@pagecounter=\count90

(C:\miktex\tex\latex\hyperref\pd1enc.def
File: pd1enc.def 2012/11/06 v6.83m Hyperref: PDFDocEncoding definition (HO)
Now handling font encoding PD1 ...
... no UTF-8 mapping file for font encoding PD1
)
\Hy@SavedSpaceFactor=\count91

(C:\miktex\tex\latex\00miktex\hyperref.cfg
File: hyperref.cfg 2002/06/06 v1.2 hyperref configuration of TeXLive
)
Package hyperref Info: Hyper figures OFF on input line 4443.
Package hyperref Info: Link nesting OFF on input line 4448.
Package hyperref Info: Hyper index ON on input line 4451.
Package hyperref Info: Plain pages OFF on input line 4458.
Package hyperref Info: Backreferencing OFF on input line 4463.
Package hyperref Info: Implicit mode ON; LaTeX internals redefined.
Package hyperref Info: Bookmarks ON on input line 4688.
\c@Hy@tempcnt=\count92
LaTeX Info: Redefining \url on input line 5041.
\XeTeXLinkMargin=\dimen106
\Fld@menulength=\count93
\Field@Width=\dimen107
\Fld@charsize=\dimen108
Package hyperref Info: Hyper figures OFF on input line 6295.
Package hyperref Info: Link nesting OFF on input line 6300.
Package hyperref Info: Hyper index ON on input line 6303.
Package hyperref Info: backreferencing OFF on input line 6310.
Package hyperref Info: Link coloring OFF on input line 6315.
Package hyperref Info: Link coloring with OCG OFF on input line 6320.
Package hyperref Info: PDF/A mode OFF on input line 6325.
LaTeX Info: Redefining \ref on input line 6365.
LaTeX Info: Redefining \pageref on input line 6369.
\Hy@abspage=\count94
\c@Item=\count95
\c@Hfootnote=\count96
)

Package hyperref Message: Driver (autodetected): hpdftex.

(C:\miktex\tex\latex\hyperref\hpdftex.def
File: hpdftex.def 2012/11/06 v6.83m Hyperref driver for pdfTeX
\Fld@listcount=\count97
\c@bookmark@seq@number=\count98

(C:\miktex\tex\latex\oberdiek\rerunfilecheck.sty
Package: rerunfilecheck 2011/04/15 v1.7 Rerun checks for auxiliary files (HO)
Package uniquecounter Info: New unique counter `rerunfilecheck' on input line 2
82.
)
\Hy@SectionHShift=\skip43
)
(C:\miktex\tex\latex\amsmath\amsmath.sty
Package: amsmath 2013/01/14 v2.14 AMS math features
\@mathmargin=\skip44

For additional information on amsmath, use the `?' option.
(C:\miktex\tex\latex\amsmath\amstext.sty
Package: amstext 2000/06/29 v2.01

(C:\miktex\tex\latex\amsmath\amsgen.sty
File: amsgen.sty 1999/11/30 v2.0
\@emptytoks=\toks17
\ex@=\dimen109
))
(C:\miktex\tex\latex\amsmath\amsbsy.sty
Package: amsbsy 1999/11/29 v1.2d
\pmbraise@=\dimen110
)
(C:\miktex\tex\latex\amsmath\amsopn.sty
Package: amsopn 1999/12/14 v2.01 operator names
)
\inf@bad=\count99
LaTeX Info: Redefining \frac on input line 210.
\uproot@=\count100
\leftroot@=\count101
LaTeX Info: Redefining \overline on input line 306.
\classnum@=\count102
\DOTSCASE@=\count103
LaTeX Info: Redefining \ldots on input line 378.
LaTeX Info: Redefining \dots on input line 381.
LaTeX Info: Redefining \cdots on input line 466.
\Mathstrutbox@=\box26
\strutbox@=\box27
\big@size=\dimen111
LaTeX Font Info:    Redeclaring font encoding OML on input line 566.
LaTeX Font Info:    Redeclaring font encoding OMS on input line 567.
\macc@depth=\count104
\c@MaxMatrixCols=\count105
\dotsspace@=\muskip11
\c@parentequation=\count106
\dspbrk@lvl=\count107
\tag@help=\toks18
\row@=\count108
\column@=\count109
\maxfields@=\count110
\andhelp@=\toks19
\eqnshift@=\dimen112
\alignsep@=\dimen113
\tagshift@=\dimen114
\tagwidth@=\dimen115
\totwidth@=\dimen116
\lineht@=\dimen117
\@envbody=\toks20
\multlinegap=\skip45
\multlinetaggap=\skip46
\mathdisplay@stack=\toks21
LaTeX Info: Redefining \[ on input line 2665.
LaTeX Info: Redefining \] on input line 2666.
) (C:\miktex\tex\latex\mh\mathtools.sty
Package: mathtools 2013/02/12 v1.13 mathematical typesetting tools
(C:\miktex\tex\latex\tools\calc.sty
Package: calc 2007/08/22 v4.3 Infix arithmetic (KKT,FJ)
\calc@Acount=\count111
\calc@Bcount=\count112
\calc@Adimen=\dimen118
\calc@Bdimen=\dimen119
\calc@Askip=\skip47
\calc@Bskip=\skip48
LaTeX Info: Redefining \setlength on input line 76.
LaTeX Info: Redefining \addtolength on input line 77.
\calc@Ccount=\count113
\calc@Cskip=\skip49
) (C:\miktex\tex\latex\mh\mhsetup.sty
Package: mhsetup 2010/01/21 v1.2a programming setup (MH)
)
LaTeX Info: Thecontrolsequence`\['isalreadyrobust on input line 129.
LaTeX Info: Thecontrolsequence`\]'isalreadyrobust on input line 129.
\g_MT_multlinerow_int=\count114
\l_MT_multwidth_dim=\dimen120
\origjot=\skip50
\l_MT_shortvdotswithinadjustabove_dim=\dimen121
\l_MT_shortvdotswithinadjustbelow_dim=\dimen122
\l_MT_above_intertext_sep=\dimen123
\l_MT_below_intertext_sep=\dimen124
\l_MT_above_shortintertext_sep=\dimen125
\l_MT_below_shortintertext_sep=\dimen126
)
(C:\miktex\tex\latex\listings\listings.sty
\lst@mode=\count115
\lst@gtempboxa=\box28
\lst@token=\toks22
\lst@length=\count116
\lst@currlwidth=\dimen127
\lst@column=\count117
\lst@pos=\count118
\lst@lostspace=\dimen128
\lst@width=\dimen129
\lst@newlines=\count119
\lst@lineno=\count120
\lst@maxwidth=\dimen130

(C:\miktex\tex\latex\listings\lstmisc.sty
File: lstmisc.sty 2007/02/22 1.4 (Carsten Heinz)
\c@lstnumber=\count121
\lst@skipnumbers=\count122
\lst@framebox=\box29
)
(C:\miktex\tex\latex\listings\listings.cfg
File: listings.cfg 2007/02/22 1.4 listings configuration
))
Package: listings 2007/02/22 1.4 (Carsten Heinz)

(C:\miktex\tex\latex\lstaddons\lstautogobble.sty
Package: lstautogobble 2012/05/03 v0.1 Implements 'autogobble' option for 'list
ings'
\lstag@spacecount=\count123
)
(C:\miktex\tex\latex\geometry\geometry.sty
Package: geometry 2010/09/12 v5.6 Page Geometry
\Gm@cnth=\count124
\Gm@cntv=\count125
\c@Gm@tempcnt=\count126
\Gm@bindingoffset=\dimen131
\Gm@wd@mp=\dimen132
\Gm@odd@mp=\dimen133
\Gm@even@mp=\dimen134
\Gm@layoutwidth=\dimen135
\Gm@layoutheight=\dimen136
\Gm@layouthoffset=\dimen137
\Gm@layoutvoffset=\dimen138
\Gm@dimlist=\toks23

(C:\miktex\tex\latex\geometry\geometry.cfg))
(C:\miktex\tex\latex\caption\caption.sty
Package: caption 2013/05/02 v3.3-89 Customizing captions (AR)

(C:\miktex\tex\latex\caption\caption3.sty
Package: caption3 2013/05/02 v1.6-88 caption3 kernel (AR)
Package caption3 Info: TeX engine: e-TeX on input line 57.
\captionmargin=\dimen139
\captionmargin@=\dimen140
\captionwidth=\dimen141
\caption@tempdima=\dimen142
\caption@indent=\dimen143
\caption@parindent=\dimen144
\caption@hangindent=\dimen145
)
\c@ContinuedFloat=\count127
Package caption Info: hyperref package is loaded.
Package caption Info: listings package is loaded.
)
(C:\miktex\tex\latex\xcolor\xcolor.sty
Package: xcolor 2007/01/21 v2.11 LaTeX color extensions (UK)
 (C:\miktex\tex\latex\00miktex\color.cfg
File: color.cfg 2007/01/18 v1.5 color configuration of teTeX/TeXLive
)
Package xcolor Info: Driver file: pdftex.def on input line 225.
Package xcolor Info: Model `cmy' substituted by `cmy0' on input line 1337.
Package xcolor Info: Model `hsb' substituted by `rgb' on input line 1341.
Package xcolor Info: Model `RGB' extended on input line 1353.
Package xcolor Info: Model `HTML' substituted by `rgb' on input line 1355.
Package xcolor Info: Model `Hsb' substituted by `hsb' on input line 1356.
Package xcolor Info: Model `tHsb' substituted by `hsb' on input line 1357.
Package xcolor Info: Model `HSB' substituted by `hsb' on input line 1358.
Package xcolor Info: Model `Gray' substituted by `gray' on input line 1359.
Package xcolor Info: Model `wave' substituted by `hsb' on input line 1360.
) (C:\miktex\tex\latex\placeins\placeins.sty
Package: placeins 2005/04/18  v 2.2
)
(C:\miktex\tex\latex\capt-of\capt-of.sty
Package: capt-of 2009/12/29 v0.2 standard captions outside of floats
)
(C:\miktex\tex\latex\appendix\appendix.sty
Package: appendix 2009/09/02 v1.2b extra appendix facilities
\c@@pps=\count128
\c@@ppsavesec=\count129
\c@@ppsaveapp=\count130
)
("C:\Users\MihaiB\Documents\Visual Studio 2012\Projects\DepthCameraAutomaticCal
ibration\Report\main.aux")
LaTeX Font Info:    Checking defaults for OML/cmm/m/it on input line 39.
LaTeX Font Info:    ... okay on input line 39.
LaTeX Font Info:    Checking defaults for T1/cmr/m/n on input line 39.
LaTeX Font Info:    ... okay on input line 39.
LaTeX Font Info:    Checking defaults for OT1/cmr/m/n on input line 39.
LaTeX Font Info:    ... okay on input line 39.
LaTeX Font Info:    Checking defaults for OMS/cmsy/m/n on input line 39.
LaTeX Font Info:    ... okay on input line 39.
LaTeX Font Info:    Checking defaults for OMX/cmex/m/n on input line 39.
LaTeX Font Info:    ... okay on input line 39.
LaTeX Font Info:    Checking defaults for U/cmr/m/n on input line 39.
LaTeX Font Info:    ... okay on input line 39.
LaTeX Font Info:    Checking defaults for PD1/pdf/m/n on input line 39.
LaTeX Font Info:    ... okay on input line 39.
 (C:\miktex\tex\context\base\supp-pdf.mkii
[Loading MPS to PDF converter (version 2006.09.02).]
\scratchcounter=\count131
\scratchdimen=\dimen146
\scratchbox=\box30
\nofMPsegments=\count132
\nofMParguments=\count133
\everyMPshowfont=\toks24
\MPscratchCnt=\count134
\MPscratchDim=\dimen147
\MPnumerator=\count135
\makeMPintoPDFobject=\count136
\everyMPtoPDFconversion=\toks25
)
\AtBeginShipoutBox=\box31
Package hyperref Info: Link coloring OFF on input line 39.
 (C:\miktex\tex\latex\hyperref\nameref.sty
Package: nameref 2012/10/27 v2.43 Cross-referencing by name of section

(C:\miktex\tex\generic\oberdiek\gettitlestring.sty
Package: gettitlestring 2010/12/03 v1.4 Cleanup title references (HO)
)
\c@section@level=\count137
)
LaTeX Info: Redefining \ref on input line 39.
LaTeX Info: Redefining \pageref on input line 39.
LaTeX Info: Redefining \nameref on input line 39.

("C:\Users\MihaiB\Documents\Visual Studio 2012\Projects\DepthCameraAutomaticCal
ibration\Report\main.out")
("C:\Users\MihaiB\Documents\Visual Studio 2012\Projects\DepthCameraAutomaticCal
ibration\Report\main.out")
\@outlinefile=\write3
\c@lstlisting=\count138

*geometry* driver: auto-detecting
*geometry* detected driver: pdftex
*geometry* verbose mode - [ preamble ] result:
* driver: pdftex
* paper: a4paper
* layout: <same size as paper>
* layoutoffset:(h,v)=(0.0pt,0.0pt)
* modes: 
* h-part:(L,W,R)=(72.26999pt, 452.9679pt, 72.26999pt)
* v-part:(T,H,B)=(72.26999pt, 700.50687pt, 72.26999pt)
* \paperwidth=597.50787pt
* \paperheight=845.04684pt
* \textwidth=452.9679pt
* \textheight=700.50687pt
* \oddsidemargin=0.0pt
* \evensidemargin=0.0pt
* \topmargin=-37.0pt
* \headheight=12.0pt
* \headsep=25.0pt
* \topskip=11.0pt
* \footskip=30.0pt
* \marginparwidth=50.0pt
* \marginparsep=10.0pt
* \columnsep=10.0pt
* \skip\footins=10.0pt plus 4.0pt minus 2.0pt
* \hoffset=0.0pt
* \voffset=0.0pt
* \mag=1000
* \@twocolumnfalse
* \@twosidefalse
* \@mparswitchfalse
* \@reversemarginfalse
* (1in=72.27pt=25.4mm, 1cm=28.453pt)

Package caption Info: Begin \AtBeginDocument code.
Package caption Info: End \AtBeginDocument code.
[1

{C:/Users/MihaiB/AppData/Local/MiKTeX/2.9/pdftex/config/pdftex.map}]
("C:\Users\MihaiB\Documents\Visual Studio 2012\Projects\DepthCameraAutomaticCal
ibration\Report\main.toc")
\tf@toc=\write4
pdfTeX warning (ext4): destination with the same identifier (name{page.1}) has 
been already used, duplicate ignored
<to be read again> 
                   \relax 
l.44 \begin{abstract}
                      [1

]pdfTeX warning (ext4): destination with the same identifier (name{page.1}) has
 been already used, duplicate ignored
<to be read again> 
                   \relax 
l.47 \end{abstract}
                    [1]
Chapter 1.

("C:\Users\MihaiB\Documents\Visual Studio 2012\Projects\DepthCameraAutomaticCal
ibration\Report\introduction.tex"
Underfull \hbox (badness 10000) in paragraph at lines 1--2

 []

LaTeX Font Info:    Try loading font information for OMS+cmr on input line 9.
(C:\miktex\tex\latex\base\omscmr.fd
File: omscmr.fd 1999/05/25 v2.5h Standard LaTeX font definitions
)
LaTeX Font Info:    Font shape `OMS/cmr/m/n' in size <10.95> not available
(Font)              Font shape `OMS/cmsy/m/n' tried instead on input line 9.

Overfull \hbox (1.93237pt too wide) in paragraph at lines 23--24
[][]$\OT1/cmtt/m/n/10.95 http : / / www . microsoft . com / en-[]us / kinectfor
windows / develop / developer-[]downloads .$
 []


Underfull \hbox (badness 10000) in paragraph at lines 33--38

 []


Underfull \hbox (badness 10000) in paragraph at lines 33--38

 []


Underfull \hbox (badness 10000) in paragraph at lines 33--38

 []

pdfTeX warning (ext4): destination with the same identifier (name{page.1}) has 
been already used, duplicate ignored
<to be read again> 
                   \relax 
l.38 \[
       	A = [1

]
Underfull \hbox (badness 10000) in paragraph at lines 46--50

 []

)
Underfull \hbox (badness 10000) in paragraph at lines 59--51

 []

[2]
Chapter 2.

("C:\Users\MihaiB\Documents\Visual Studio 2012\Projects\DepthCameraAutomaticCal
ibration\Report\design.tex"
Underfull \hbox (badness 10000) in paragraph at lines 1--9

 []

<images/pattern_1.jpg, id=189, 1606.0pt x 1204.5pt>
File: images/pattern_1.jpg Graphic file (type jpg)
 <use images/pattern_1.jpg>
Package pdftex.def Info: images/pattern_1.jpg used on input line 11.
(pdftex.def)             Requested size: 160.6094pt x 120.45705pt.


Package caption Warning: The option `hypcap=true' will be ignored for this
(caption)                particular \caption on input line 12.
See the caption package documentation for explanation.

<images/small_big_pattern.jpg, id=190, 1284.8pt x 963.6pt>
File: images/small_big_pattern.jpg Graphic file (type jpg)

<use images/small_big_pattern.jpg>
Package pdftex.def Info: images/small_big_pattern.jpg used on input line 17.
(pdftex.def)             Requested size: 192.71169pt x 144.53375pt.


Package caption Warning: The option `hypcap=true' will be ignored for this
(caption)                particular \caption on input line 18.
See the caption package documentation for explanation.


Underfull \hbox (badness 10000) in paragraph at lines 22--26

 []

[3

 <C:/Users/MihaiB/Documents/Visual Studio 2012/Projects/DepthCameraAutomaticCal
ibration/Report/images/pattern_1.jpg> <C:/Users/MihaiB/Documents/Visual Studio 
2012/Projects/DepthCameraAutomaticCalibration/Report/images/small_big_pattern.j
pg>] <images/original_depth.jpg, id=197, 642.4pt x 481.8pt>
File: images/original_depth.jpg Graphic file (type jpg)

<use images/original_depth.jpg>
Package pdftex.def Info: images/original_depth.jpg used on input line 51.
(pdftex.def)             Requested size: 385.44298pt x 289.08221pt.


Package caption Warning: The option `hypcap=true' will be ignored for this
(caption)                particular \caption on input line 52.
See the caption package documentation for explanation.

[4] <images/rgb_image.jpg, id=218, 642.4pt x 481.8pt>
File: images/rgb_image.jpg Graphic file (type jpg)

<use images/rgb_image.jpg>
Package pdftex.def Info: images/rgb_image.jpg used on input line 63.
(pdftex.def)             Requested size: 256.95544pt x 192.71658pt.


Package caption Warning: The option `hypcap=true' will be ignored for this
(caption)                particular \caption on input line 64.
See the caption package documentation for explanation.

[5 <C:/Users/MihaiB/Documents/Visual Studio 2012/Projects/DepthCameraAutomaticC
alibration/Report/images/original_depth.jpg> <C:/Users/MihaiB/Documents/Visual 
Studio 2012/Projects/DepthCameraAutomaticCalibration/Report/images/rgb_image.jp
g>] <images/kinect_rgb_image.jpg, id=225, 642.4pt x 481.8pt>
File: images/kinect_rgb_image.jpg Graphic file (type jpg)

<use images/kinect_rgb_image.jpg>
Package pdftex.def Info: images/kinect_rgb_image.jpg used on input line 75.
(pdftex.def)             Requested size: 256.95544pt x 192.71658pt.


Package caption Warning: The option `hypcap=true' will be ignored for this
(caption)                particular \caption on input line 76.
See the caption package documentation for explanation.

<images/color_mask.jpg, id=226, 642.4pt x 481.8pt>
File: images/color_mask.jpg Graphic file (type jpg)
 <use images/color_mask.jpg>
Package pdftex.def Info: images/color_mask.jpg used on input line 97.
(pdftex.def)             Requested size: 385.44298pt x 289.08221pt.


Package caption Warning: The option `hypcap=true' will be ignored for this
(caption)                particular \caption on input line 98.
See the caption package documentation for explanation.

[6 <C:/Users/MihaiB/Documents/Visual Studio 2012/Projects/DepthCameraAutomaticC
alibration/Report/images/kinect_rgb_image.jpg>]
<images/color_filtered_image.png, id=233, 492.33937pt x 390.70969pt>
File: images/color_filtered_image.png Graphic file (type png)

<use images/color_filtered_image.png>
Package pdftex.def Info: images/color_filtered_image.png used on input line 106
.
(pdftex.def)             Requested size: 393.87201pt x 312.56816pt.


Package caption Warning: The option `hypcap=true' will be ignored for this
(caption)                particular \caption on input line 107.
See the caption package documentation for explanation.


Underfull \hbox (badness 10000) in paragraph at lines 111--115

 []

[7 <C:/Users/MihaiB/Documents/Visual Studio 2012/Projects/DepthCameraAutomaticC
alibration/Report/images/color_mask.jpg> <C:/Users/MihaiB/Documents/Visual Stud
io 2012/Projects/DepthCameraAutomaticCalibration/Report/images/color_filtered_i
mage.png>]
Underfull \hbox (badness 10000) in paragraph at lines 133--139

 []


Underfull \hbox (badness 10000) in paragraph at lines 142--148

 []

<images/depth_filtered_image.png, id=242, 459.96844pt x 386.19281pt>
File: images/depth_filtered_image.png Graphic file (type png)

<use images/depth_filtered_image.png>
Package pdftex.def Info: images/depth_filtered_image.png used on input line 150
.
(pdftex.def)             Requested size: 367.97525pt x 308.95465pt.


Package caption Warning: The option `hypcap=true' will be ignored for this
(caption)                particular \caption on input line 151.
See the caption package documentation for explanation.

[8]
Underfull \hbox (badness 10000) in paragraph at lines 156--163

 []

<images/gaussian_blur_difference.png, id=247, 490.08093pt x 391.4625pt>
File: images/gaussian_blur_difference.png Graphic file (type png)

<use images/gaussian_blur_difference.png>
Package pdftex.def Info: images/gaussian_blur_difference.png used on input line
 165.
(pdftex.def)             Requested size: 392.06528pt x 313.17041pt.


Package caption Warning: The option `hypcap=true' will be ignored for this
(caption)                particular \caption on input line 166.
See the caption package documentation for explanation.

[9 <C:/Users/MihaiB/Documents/Visual Studio 2012/Projects/DepthCameraAutomaticC
alibration/Report/images/depth_filtered_image.png>]
Underfull \hbox (badness 10000) in paragraph at lines 174--178

 []


Underfull \hbox (badness 10000) in paragraph at lines 180--184

 []

[10 <C:/Users/MihaiB/Documents/Visual Studio 2012/Projects/DepthCameraAutomatic
Calibration/Report/images/gaussian_blur_difference.png>]
Underfull \hbox (badness 10000) in paragraph at lines 194--198

 []


Overfull \hbox (3.33986pt too wide) in paragraph at lines 199--199
[]\OT1/cmr/bx/n/14.4 Pattern de-tec-tion: tem-plate match-ing on the we-b-cam R
GB
 []


Underfull \hbox (badness 10000) in paragraph at lines 206--212

 []

[11]
Underfull \hbox (badness 10000) in paragraph at lines 219--227

 []


Underfull \hbox (badness 10000) in paragraph at lines 219--227

 []


Underfull \hbox (badness 10000) in paragraph at lines 219--227

 []


Underfull \hbox (badness 10000) in paragraph at lines 233--237

 []

[12]
Underfull \hbox (badness 10000) in paragraph at lines 250--256

 []

<images/depth_reconstruction_1.png, id=272, 494.59781pt x 393.72093pt>
File: images/depth_reconstruction_1.png Graphic file (type png)

<use images/depth_reconstruction_1.png>
Package pdftex.def Info: images/depth_reconstruction_1.png used on input line 2
58.
(pdftex.def)             Requested size: 395.67877pt x 314.97717pt.


Package caption Warning: The option `hypcap=true' will be ignored for this
(caption)                particular \caption on input line 259.
See the caption package documentation for explanation.

) [13 <C:/Users/MihaiB/Documents/Visual Studio 2012/Projects/DepthCameraAutomat
icCalibration/Report/images/depth_reconstruction_1.png>]
Chapter 3.

("C:\Users\MihaiB\Documents\Visual Studio 2012\Projects\DepthCameraAutomaticCal
ibration\Report\implementation.tex"
Underfull \hbox (badness 10000) in paragraph at lines 1--5

 []

[14

]
Overfull \hbox (11.95125pt too wide) in paragraph at lines 28--29
[][]\OT1/cmr/m/n/10.95 void re-move-Out-liers(Point2DVector * pro-jec-tions, Po
int3DVector * points3D, Point2DVector
 []


Overfull \hbox (22.20172pt too wide) in paragraph at lines 28--29
\OT1/cmr/m/n/10.95 re-pro-jec-tions, float er-ror, vec-tor<int> pointIds, Point
2DVector * new-Pro-jec-tions, Point3DVector
 []


Overfull \hbox (11.60477pt too wide) in paragraph at lines 32--33
[][]\OT1/cmr/m/n/10.95 bool depthTem-plateM-atch-ing[]32F(cv::Mat depthIm-age, 
cv::Mat depthTempl, dou-ble thresh-
 []

[15]) [16]
Chapter 4.

("C:\Users\MihaiB\Documents\Visual Studio 2012\Projects\DepthCameraAutomaticCal
ibration\Report\visualization_results.tex"
<images/calibration_points.png, id=292, 494.59781pt x 371.13657pt>
File: images/calibration_points.png Graphic file (type png)

<use images/calibration_points.png>
Package pdftex.def Info: images/calibration_points.png used on input line 17.
(pdftex.def)             Requested size: 395.67877pt x 296.90965pt.


Package caption Warning: The option `hypcap=true' will be ignored for this
(caption)                particular \caption on input line 18.
See the caption package documentation for explanation.

[17

] <images/console.png, id=297, 509.65407pt x 257.46187pt>
File: images/console.png Graphic file (type png)

<use images/console.png>
Package pdftex.def Info: images/console.png used on input line 22.
(pdftex.def)             Requested size: 356.7554pt x 180.22206pt.


Package caption Warning: The option `hypcap=true' will be ignored for this
(caption)                particular \caption on input line 23.
See the caption package documentation for explanation.

<images/good_kinect_depth_matching.png, id=298, 434.37282pt x 388.45125pt>
File: images/good_kinect_depth_matching.png Graphic file (type png)

<use images/good_kinect_depth_matching.png>
Package pdftex.def Info: images/good_kinect_depth_matching.png used on input li
ne 27.
(pdftex.def)             Requested size: 304.0589pt x 271.914pt.


Package caption Warning: The option `hypcap=true' will be ignored for this
(caption)                particular \caption on input line 28.
See the caption package documentation for explanation.

[18 <C:/Users/MihaiB/Documents/Visual Studio 2012/Projects/DepthCameraAutomatic
Calibration/Report/images/calibration_points.png> <C:/Users/MihaiB/Documents/Vi
sual Studio 2012/Projects/DepthCameraAutomaticCalibration/Report/images/console
.png>]
<images/good_kinect_rgb_matching.png, id=307, 491.58656pt x 389.95688pt>
File: images/good_kinect_rgb_matching.png Graphic file (type png)

<use images/good_kinect_rgb_matching.png>
Package pdftex.def Info: images/good_kinect_rgb_matching.png used on input line
 32.
(pdftex.def)             Requested size: 344.10825pt x 272.96794pt.


Package caption Warning: The option `hypcap=true' will be ignored for this
(caption)                particular \caption on input line 33.
See the caption package documentation for explanation.

<images/good_rgb_matching.png, id=308, 493.0922pt x 388.45125pt>
File: images/good_rgb_matching.png Graphic file (type png)

<use images/good_rgb_matching.png>
Package pdftex.def Info: images/good_rgb_matching.png used on input line 37.
(pdftex.def)             Requested size: 345.16219pt x 271.914pt.


Package caption Warning: The option `hypcap=true' will be ignored for this
(caption)                particular \caption on input line 38.
See the caption package documentation for explanation.

[19 <C:/Users/MihaiB/Documents/Visual Studio 2012/Projects/DepthCameraAutomatic
Calibration/Report/images/good_kinect_depth_matching.png> <C:/Users/MihaiB/Docu
ments/Visual Studio 2012/Projects/DepthCameraAutomaticCalibration/Report/images
/good_kinect_rgb_matching.png>]
File: images/depth_reconstruction_1.png Graphic file (type png)
 <use images/depth_reconstruction_1.png>
Package pdftex.def Info: images/depth_reconstruction_1.png used on input line 4
5.
(pdftex.def)             Requested size: 346.2161pt x 275.60277pt.


Package caption Warning: The option `hypcap=true' will be ignored for this
(caption)                particular \caption on input line 46.
See the caption package documentation for explanation.

<images/point_cloud_1.png, id=317, 493.0922pt x 391.4625pt>
File: images/point_cloud_1.png Graphic file (type png)

<use images/point_cloud_1.png>
Package pdftex.def Info: images/point_cloud_1.png used on input line 50.
(pdftex.def)             Requested size: 345.16219pt x 274.02187pt.


Package caption Warning: The option `hypcap=true' will be ignored for this
(caption)                particular \caption on input line 51.
See the caption package documentation for explanation.

[20 <C:/Users/MihaiB/Documents/Visual Studio 2012/Projects/DepthCameraAutomatic
Calibration/Report/images/good_rgb_matching.png>]
<images/point_cloud_2.png, id=325, 493.845pt x 391.4625pt>
File: images/point_cloud_2.png Graphic file (type png)

<use images/point_cloud_2.png>
Package pdftex.def Info: images/point_cloud_2.png used on input line 55.
(pdftex.def)             Requested size: 345.68913pt x 274.02187pt.


Package caption Warning: The option `hypcap=true' will be ignored for this
(caption)                particular \caption on input line 56.
See the caption package documentation for explanation.

<images/depth_reconstruction_2.png, id=326, 495.35063pt x 391.4625pt>
File: images/depth_reconstruction_2.png Graphic file (type png)

<use images/depth_reconstruction_2.png>
Package pdftex.def Info: images/depth_reconstruction_2.png used on input line 6
0.
(pdftex.def)             Requested size: 346.74307pt x 274.02187pt.


Package caption Warning: The option `hypcap=true' will be ignored for this
(caption)                particular \caption on input line 61.
See the caption package documentation for explanation.

[21 <C:/Users/MihaiB/Documents/Visual Studio 2012/Projects/DepthCameraAutomatic
Calibration/Report/images/point_cloud_1.png> <C:/Users/MihaiB/Documents/Visual 
Studio 2012/Projects/DepthCameraAutomaticCalibration/Report/images/point_cloud_
2.png>]
Underfull \hbox (badness 10000) in paragraph at lines 84--88

 []

[22 <C:/Users/MihaiB/Documents/Visual Studio 2012/Projects/DepthCameraAutomatic
Calibration/Report/images/depth_reconstruction_2.png>]
Underfull \hbox (badness 10000) in paragraph at lines 94--97

 []

<images/webcam_calibration.png, id=342, 505.13719pt x 235.63031pt>
File: images/webcam_calibration.png Graphic file (type png)

<use images/webcam_calibration.png>
Package pdftex.def Info: images/webcam_calibration.png used on input line 113.
(pdftex.def)             Requested size: 505.13596pt x 235.62973pt.


Package caption Warning: The option `hypcap=true' will be ignored for this
(caption)                particular \caption on input line 114.
See the caption package documentation for explanation.


Overfull \hbox (52.16806pt too wide) in paragraph at lines 113--114
 [] 
 []


Underfull \hbox (badness 10000) in paragraph at lines 118--124

 []


Underfull \hbox (badness 10000) in paragraph at lines 118--124

 []

[23 <C:/Users/MihaiB/Documents/Visual Studio 2012/Projects/DepthCameraAutomatic
Calibration/Report/images/webcam_calibration.png>]
Underfull \hbox (badness 10000) in paragraph at lines 132--136

 []

<images/chart.png, id=349, 471.26062pt x 233.37187pt>
File: images/chart.png Graphic file (type png)
 <use images/chart.png>
Package pdftex.def Info: images/chart.png used on input line 161.
(pdftex.def)             Requested size: 471.25948pt x 233.37129pt.


Package caption Warning: The option `hypcap=true' will be ignored for this
(caption)                particular \caption on input line 162.
See the caption package documentation for explanation.


Overfull \hbox (18.29158pt too wide) in paragraph at lines 161--162
 [] 
 []

[24] <images/compare_output/rgb_image_1.jpg, id=354, 642.4pt x 481.8pt>
File: images/compare_output/rgb_image_1.jpg Graphic file (type jpg)

<use images/compare_output/rgb_image_1.jpg>
Package pdftex.def Info: images/compare_output/rgb_image_1.jpg used on input li
ne 175.
(pdftex.def)             Requested size: 385.44298pt x 289.08221pt.


Package caption Warning: The option `hypcap=true' will be ignored for this
(caption)                particular \caption on input line 176.
See the caption package documentation for explanation.

[25 <C:/Users/MihaiB/Documents/Visual Studio 2012/Projects/DepthCameraAutomatic
Calibration/Report/images/chart.png> <C:/Users/MihaiB/Documents/Visual Studio 2
012/Projects/DepthCameraAutomaticCalibration/Report/images/compare_output/rgb_i
mage_1.jpg>]
<images/compare_output/rgb_image_2.jpg, id=360, 642.4pt x 481.8pt>
File: images/compare_output/rgb_image_2.jpg Graphic file (type jpg)

<use images/compare_output/rgb_image_2.jpg>
Package pdftex.def Info: images/compare_output/rgb_image_2.jpg used on input li
ne 180.
(pdftex.def)             Requested size: 385.44298pt x 289.08221pt.


Package caption Warning: The option `hypcap=true' will be ignored for this
(caption)                particular \caption on input line 181.
See the caption package documentation for explanation.

<images/compare_output/rgb_image_3.jpg, id=361, 642.4pt x 481.8pt>
File: images/compare_output/rgb_image_3.jpg Graphic file (type jpg)

<use images/compare_output/rgb_image_3.jpg>
Package pdftex.def Info: images/compare_output/rgb_image_3.jpg used on input li
ne 185.
(pdftex.def)             Requested size: 385.44298pt x 289.08221pt.


Package caption Warning: The option `hypcap=true' will be ignored for this
(caption)                particular \caption on input line 186.
See the caption package documentation for explanation.

<images/compare_output/rgb_image_4.jpg, id=362, 642.4pt x 481.8pt>
File: images/compare_output/rgb_image_4.jpg Graphic file (type jpg)

<use images/compare_output/rgb_image_4.jpg>
Package pdftex.def Info: images/compare_output/rgb_image_4.jpg used on input li
ne 190.
(pdftex.def)             Requested size: 385.44298pt x 289.08221pt.


Package caption Warning: The option `hypcap=true' will be ignored for this
(caption)                particular \caption on input line 191.
See the caption package documentation for explanation.

[26 <C:/Users/MihaiB/Documents/Visual Studio 2012/Projects/DepthCameraAutomatic
Calibration/Report/images/compare_output/rgb_image_2.jpg> <C:/Users/MihaiB/Docu
ments/Visual Studio 2012/Projects/DepthCameraAutomaticCalibration/Report/images
/compare_output/rgb_image_3.jpg>]
<images/compare_output/rgb_image_10.jpg, id=370, 642.4pt x 481.8pt>
File: images/compare_output/rgb_image_10.jpg Graphic file (type jpg)

<use images/compare_output/rgb_image_10.jpg>
Package pdftex.def Info: images/compare_output/rgb_image_10.jpg used on input l
ine 195.
(pdftex.def)             Requested size: 385.44298pt x 289.08221pt.


Package caption Warning: The option `hypcap=true' will be ignored for this
(caption)                particular \caption on input line 196.
See the caption package documentation for explanation.

<images/compare_output/rgb_image_20.jpg, id=371, 642.4pt x 481.8pt>
File: images/compare_output/rgb_image_20.jpg Graphic file (type jpg)

<use images/compare_output/rgb_image_20.jpg>
Package pdftex.def Info: images/compare_output/rgb_image_20.jpg used on input l
ine 200.
(pdftex.def)             Requested size: 385.44298pt x 289.08221pt.


Package caption Warning: The option `hypcap=true' will be ignored for this
(caption)                particular \caption on input line 201.
See the caption package documentation for explanation.

[27 <C:/Users/MihaiB/Documents/Visual Studio 2012/Projects/DepthCameraAutomatic
Calibration/Report/images/compare_output/rgb_image_4.jpg> <C:/Users/MihaiB/Docu
ments/Visual Studio 2012/Projects/DepthCameraAutomaticCalibration/Report/images
/compare_output/rgb_image_10.jpg>]
<images/compare_output/rgb_image_24.jpg, id=378, 642.4pt x 481.8pt>
File: images/compare_output/rgb_image_24.jpg Graphic file (type jpg)

<use images/compare_output/rgb_image_24.jpg>
Package pdftex.def Info: images/compare_output/rgb_image_24.jpg used on input l
ine 205.
(pdftex.def)             Requested size: 385.44298pt x 289.08221pt.


Package caption Warning: The option `hypcap=true' will be ignored for this
(caption)                particular \caption on input line 206.
See the caption package documentation for explanation.

)
("C:\Users\MihaiB\Documents\Visual Studio 2012\Projects\DepthCameraAutomaticCal
ibration\Report\references.tex" [28 <C:/Users/MihaiB/Documents/Visual Studio 20
12/Projects/DepthCameraAutomaticCalibration/Report/images/compare_output/rgb_im
age_20.jpg> <C:/Users/MihaiB/Documents/Visual Studio 2012/Projects/DepthCameraA
utomaticCalibration/Report/images/compare_output/rgb_image_24.jpg>]
Underfull \hbox (badness 4060) in paragraph at lines 27--30
[]\OT1/cmr/m/n/10.95 Edward Zhang, Kinect SDK Tu-to-ri-als, []$\OT1/cmtt/m/n/10
.95 http : / / www . cs . princeton . edu / []edwardz /$
 []

)
Overfull \hbox (12.42975pt too wide) in paragraph at lines 43--62
[][]$\OT1/cmtt/m/n/10.95 https : / / github . com / mihaibace / DepthCameraAuto
maticCalibration / tree / Calibration _$
 []

Package atveryend Info: Empty hook `BeforeClearDocument' on input line 63.
[29

]
Package atveryend Info: Empty hook `AfterLastShipout' on input line 63.

("C:\Users\MihaiB\Documents\Visual Studio 2012\Projects\DepthCameraAutomaticCal
ibration\Report\main.aux")
Package atveryend Info: Executing hook `AtVeryEndDocument' on input line 63.
Package atveryend Info: Executing hook `AtEndAfterFileList' on input line 63.
Package rerunfilecheck Info: File `main.out' has not changed.
(rerunfilecheck)             Checksum: AD4E7DB3129CD986FC4A6C79357FEDFA;2296.
Package atveryend Info: Empty hook `AtVeryVeryEnd' on input line 63.
 ) 
Here is how much of TeX's memory you used:
 9975 strings out of 493921
 148261 string characters out of 3154497
 245786 words of memory out of 3000000
 13009 multiletter control sequences out of 15000+200000
 11951 words of font info for 43 fonts, out of 3000000 for 9000
 841 hyphenation exceptions out of 8191
 36i,8n,38p,793b,509s stack positions out of 5000i,500n,10000p,200000b,50000s
<C:/miktex/fonts/type1/public/amsfonts/cm/cmbx10.pfb><C:/miktex/fonts/type1/p
ublic/amsfonts/cm/cmbx12.pfb><C:/miktex/fonts/type1/public/amsfonts/cm/cmex10.p
fb><C:/miktex/fonts/type1/public/amsfonts/cm/cmmi10.pfb><C:/miktex/fonts/type1/
public/amsfonts/cm/cmmi8.pfb><C:/miktex/fonts/type1/public/amsfonts/cm/cmr10.pf
b><C:/miktex/fonts/type1/public/amsfonts/cm/cmr12.pfb><C:/miktex/fonts/type1/pu
blic/amsfonts/cm/cmr17.pfb><C:/miktex/fonts/type1/public/amsfonts/cm/cmr8.pfb><
C:/miktex/fonts/type1/public/amsfonts/cm/cmsy10.pfb><C:/miktex/fonts/type1/publ
ic/amsfonts/cm/cmsy6.pfb><C:/miktex/fonts/type1/public/amsfonts/cm/cmsy8.pfb><C
:/miktex/fonts/type1/public/amsfonts/cm/cmti10.pfb><C:/miktex/fonts/type1/publi
c/amsfonts/cm/cmti12.pfb><C:/miktex/fonts/type1/public/amsfonts/cm/cmtt10.pfb><
C:/miktex/fonts/type1/public/amsfonts/cm/cmtt12.pfb>
Output written on main.pdf (32 pages, 2989623 bytes).
PDF statistics:
 482 PDF objects out of 1000 (max. 8388607)
 111 named destinations out of 1000 (max. 500000)
 376 words of extra memory for PDF output out of 10000 (max. 10000000)

