\BOOKMARK [0][-]{chapter.1}{Introduction}{}% 1
\BOOKMARK [1][-]{section.1.1}{About the Kinect}{chapter.1}% 2
\BOOKMARK [1][-]{section.1.2}{Depth camera calibration}{chapter.1}% 3
\BOOKMARK [1][-]{section.1.3}{Motivation of this project}{chapter.1}% 4
\BOOKMARK [0][-]{chapter.2}{Design}{}% 5
\BOOKMARK [1][-]{section.2.1}{Get the depth map from the Kinect}{chapter.2}% 6
\BOOKMARK [1][-]{section.2.2}{Get the RGB image from the webcam}{chapter.2}% 7
\BOOKMARK [1][-]{section.2.3}{Get the RGB image from the Kinect}{chapter.2}% 8
\BOOKMARK [1][-]{section.2.4}{Color filtering on the webcam RGB image}{chapter.2}% 9
\BOOKMARK [1][-]{section.2.5}{Color filtering on the Kinect RGB image}{chapter.2}% 10
\BOOKMARK [1][-]{section.2.6}{Filtering on the depth map}{chapter.2}% 11
\BOOKMARK [1][-]{section.2.7}{Apply Gaussian blur to the webcam RGB image}{chapter.2}% 12
\BOOKMARK [1][-]{section.2.8}{Apply Gaussian blur to the Kinect RGB image}{chapter.2}% 13
\BOOKMARK [1][-]{section.2.9}{Pattern detection: template matching on the depth image}{chapter.2}% 14
\BOOKMARK [1][-]{section.2.10}{Pattern detection: template matching on the webcam RGB image and Kinect RGB Image}{chapter.2}% 15
\BOOKMARK [1][-]{section.2.11}{Validation of template matching}{chapter.2}% 16
\BOOKMARK [1][-]{section.2.12}{Collect correspondences}{chapter.2}% 17
\BOOKMARK [1][-]{section.2.13}{Minimization of reprojection error and outlier elimination}{chapter.2}% 18
\BOOKMARK [1][-]{section.2.14}{Depth color reconstruction based on the calibration}{chapter.2}% 19
\BOOKMARK [0][-]{chapter.3}{Implementation}{}% 20
\BOOKMARK [1][-]{section.3.1}{Microsoft Kinect SDK}{chapter.3}% 21
\BOOKMARK [1][-]{section.3.2}{Image Processing - OpenCV}{chapter.3}% 22
\BOOKMARK [1][-]{section.3.3}{OpenGL}{chapter.3}% 23
\BOOKMARK [0][-]{chapter.4}{Visualization and Results}{}% 24
\BOOKMARK [1][-]{section.4.1}{Calibration and Visualization}{chapter.4}% 25
\BOOKMARK [2][-]{subsection.4.1.1}{3D point cloud scene control}{section.4.1}% 26
\BOOKMARK [1][-]{section.4.2}{Results}{chapter.4}% 27
\BOOKMARK [2][-]{subsection.4.2.1}{Webcam calibration}{section.4.2}% 28
\BOOKMARK [2][-]{subsection.4.2.2}{Comparison the the Kinect calibration}{section.4.2}% 29
\BOOKMARK [0][-]{chapter*.2}{Bibliography}{}% 30
